<?xml version="1.0" encoding="UTF-8"?>
<coverage generated="1582664693217" clover="3.2.0">
  <project timestamp="1582664693219" name="All files">
    <metrics statements="9" coveredstatements="9" conditionals="2" coveredconditionals="1" methods="4" coveredmethods="1" elements="15" coveredelements="11" complexity="0" loc="9" ncloc="9" packages="2" files="2" classes="2"/>
    <package name="actions">
      <metrics statements="6" coveredstatements="6" conditionals="0" coveredconditionals="0" methods="3" coveredmethods="0"/>
      <file name="previewActions.js" path="/Users/Tess/alchemy/career-track/final-project/Commit-Kitty-FE/src/actions/previewActions.js">
        <metrics statements="6" coveredstatements="6" conditionals="0" coveredconditionals="0" methods="3" coveredmethods="0"/>
        <line num="1" count="1" type="stmt"/>
        <line num="2" count="1" type="stmt"/>
        <line num="6" count="1" type="stmt"/>
        <line num="7" count="1" type="stmt"/>
        <line num="11" count="1" type="stmt"/>
        <line num="12" count="1" type="stmt"/>
      </file>
    </package>
    <package name="reducers">
      <metrics statements="3" coveredstatements="3" conditionals="2" coveredconditionals="1" methods="1" coveredmethods="1"/>
      <file name="previewReducer.js" path="/Users/Tess/alchemy/career-track/final-project/Commit-Kitty-FE/src/reducers/previewReducer.js">
        <metrics statements="3" coveredstatements="3" conditionals="2" coveredconditionals="1" methods="1" coveredmethods="1"/>
        <line num="7" count="1" type="stmt"/>
        <line num="14" count="1" type="cond" truecount="1" falsecount="0"/>
        <line num="16" count="1" type="stmt"/>
      </file>
    </package>
  </project>
</coverage>
