{"/Users/joelpatrickdurham/alchemy/career-track/commit-kitty/Commit-Kitty-FE/src/store.js": {"path":"/Users/joelpatrickdurham/alchemy/career-track/commit-kitty/Commit-Kitty-FE/src/store.js","statementMap":{"0":{"start":{"line":5,"column":25},"end":{"line":5,"column":79}}},"fnMap":{},"branchMap":{"0":{"loc":{"start":{"line":5,"column":25},"end":{"line":5,"column":79}},"type":"binary-expr","locations":[{"start":{"line":5,"column":25},"end":{"line":5,"column":68}},{"start":{"line":5,"column":72},"end":{"line":5,"column":79}}],"line":5}},"s":{"0":1},"f":{},"b":{"0":[1,1]},"_coverageSchema":"1a1c01bbd47fc00a2c39e90264f33305004495a9","hash":"e0575ff0d303eec94588cad2ba7543f7db0a7493"}
,"/Users/joelpatrickdurham/alchemy/career-track/commit-kitty/Commit-Kitty-FE/src/actions/authActions.js": {"path":"/Users/joelpatrickdurham/alchemy/career-track/commit-kitty/Commit-Kitty-FE/src/actions/authActions.js","statementMap":{"0":{"start":{"line":3,"column":32},"end":{"line":3,"column":50}},"1":{"start":{"line":4,"column":33},"end":{"line":4,"column":52}},"2":{"start":{"line":6,"column":29},"end":{"line":14,"column":1}},"3":{"start":{"line":6,"column":53},"end":{"line":14,"column":1}},"4":{"start":{"line":7,"column":2},"end":{"line":7,"column":28}},"5":{"start":{"line":8,"column":2},"end":{"line":13,"column":75}},"6":{"start":{"line":10,"column":6},"end":{"line":10,"column":58}},"7":{"start":{"line":11,"column":6},"end":{"line":11,"column":40}},"8":{"start":{"line":13,"column":20},"end":{"line":13,"column":73}}},"fnMap":{"0":{"name":"(anonymous_0)","decl":{"start":{"line":6,"column":29},"end":{"line":6,"column":30}},"loc":{"start":{"line":6,"column":53},"end":{"line":14,"column":1}},"line":6},"1":{"name":"(anonymous_1)","decl":{"start":{"line":6,"column":53},"end":{"line":6,"column":54}},"loc":{"start":{"line":6,"column":65},"end":{"line":14,"column":1}},"line":6},"2":{"name":"(anonymous_2)","decl":{"start":{"line":9,"column":10},"end":{"line":9,"column":11}},"loc":{"start":{"line":9,"column":18},"end":{"line":12,"column":5}},"line":9},"3":{"name":"(anonymous_3)","decl":{"start":{"line":13,"column":11},"end":{"line":13,"column":12}},"loc":{"start":{"line":13,"column":20},"end":{"line":13,"column":73}},"line":13}},"branchMap":{},"s":{"0":3,"1":3,"2":3,"3":2,"4":2,"5":2,"6":2,"7":2,"8":0},"f":{"0":2,"1":2,"2":2,"3":0},"b":{},"_coverageSchema":"1a1c01bbd47fc00a2c39e90264f33305004495a9","hash":"329e6788d5e3ff549bf6d81dafdbafc722f0a3ad"}
,"/Users/joelpatrickdurham/alchemy/career-track/commit-kitty/Commit-Kitty-FE/src/actions/loadingActions.js": {"path":"/Users/joelpatrickdurham/alchemy/career-track/commit-kitty/Commit-Kitty-FE/src/actions/loadingActions.js","statementMap":{"0":{"start":{"line":1,"column":26},"end":{"line":1,"column":38}},"1":{"start":{"line":2,"column":27},"end":{"line":2,"column":40}},"2":{"start":{"line":4,"column":29},"end":{"line":4,"column":57}},"3":{"start":{"line":4,"column":36},"end":{"line":4,"column":56}},"4":{"start":{"line":5,"column":30},"end":{"line":5,"column":59}},"5":{"start":{"line":5,"column":37},"end":{"line":5,"column":58}}},"fnMap":{"0":{"name":"(anonymous_0)","decl":{"start":{"line":4,"column":29},"end":{"line":4,"column":30}},"loc":{"start":{"line":4,"column":36},"end":{"line":4,"column":56}},"line":4},"1":{"name":"(anonymous_1)","decl":{"start":{"line":5,"column":30},"end":{"line":5,"column":31}},"loc":{"start":{"line":5,"column":37},"end":{"line":5,"column":58}},"line":5}},"branchMap":{},"s":{"0":5,"1":5,"2":5,"3":3,"4":5,"5":3},"f":{"0":3,"1":3},"b":{},"_coverageSchema":"1a1c01bbd47fc00a2c39e90264f33305004495a9","hash":"6ef6bbbf5cf54e5e4a9f04c0d688d1cbe924842e"}
,"/Users/joelpatrickdurham/alchemy/career-track/commit-kitty/Commit-Kitty-FE/src/components/App.js": {"path":"/Users/joelpatrickdurham/alchemy/career-track/commit-kitty/Commit-Kitty-FE/src/components/App.js","statementMap":{"0":{"start":{"line":11,"column":2},"end":{"line":11,"column":18}},"1":{"start":{"line":12,"column":2},"end":{"line":19,"column":4}}},"fnMap":{"0":{"name":"App","decl":{"start":{"line":10,"column":24},"end":{"line":10,"column":27}},"loc":{"start":{"line":10,"column":30},"end":{"line":20,"column":1}},"line":10}},"branchMap":{},"s":{"0":0,"1":0},"f":{"0":0},"b":{},"_coverageSchema":"1a1c01bbd47fc00a2c39e90264f33305004495a9","hash":"07b445fea8e705065a640cd4e356ddb330cca5f6"}
,"/Users/joelpatrickdurham/alchemy/career-track/commit-kitty/Commit-Kitty-FE/src/components/adminDataView/AdminDataView.js": {"path":"/Users/joelpatrickdurham/alchemy/career-track/commit-kitty/Commit-Kitty-FE/src/components/adminDataView/AdminDataView.js","statementMap":{"0":{"start":{"line":5,"column":29},"end":{"line":12,"column":1}},"1":{"start":{"line":6,"column":2},"end":{"line":11,"column":4}}},"fnMap":{"0":{"name":"(anonymous_0)","decl":{"start":{"line":5,"column":29},"end":{"line":5,"column":30}},"loc":{"start":{"line":5,"column":35},"end":{"line":12,"column":1}},"line":5}},"branchMap":{},"s":{"0":1,"1":0},"f":{"0":0},"b":{},"_coverageSchema":"1a1c01bbd47fc00a2c39e90264f33305004495a9","hash":"fda5ec74f12068fa6d4a43bcf855852064a6d4c4"}
,"/Users/joelpatrickdurham/alchemy/career-track/commit-kitty/Commit-Kitty-FE/src/components/adminDataView/DataView.js": {"path":"/Users/joelpatrickdurham/alchemy/career-track/commit-kitty/Commit-Kitty-FE/src/components/adminDataView/DataView.js","statementMap":{"0":{"start":{"line":4,"column":24},"end":{"line":15,"column":1}},"1":{"start":{"line":5,"column":24},"end":{"line":5,"column":52}},"2":{"start":{"line":5,"column":30},"end":{"line":5,"column":52}},"3":{"start":{"line":8,"column":2},"end":{"line":14,"column":4}},"4":{"start":{"line":11,"column":39},"end":{"line":11,"column":66}}},"fnMap":{"0":{"name":"(anonymous_0)","decl":{"start":{"line":4,"column":24},"end":{"line":4,"column":25}},"loc":{"start":{"line":4,"column":30},"end":{"line":15,"column":1}},"line":4},"1":{"name":"(anonymous_1)","decl":{"start":{"line":5,"column":24},"end":{"line":5,"column":25}},"loc":{"start":{"line":5,"column":30},"end":{"line":5,"column":52}},"line":5},"2":{"name":"(anonymous_2)","decl":{"start":{"line":11,"column":23},"end":{"line":11,"column":24}},"loc":{"start":{"line":11,"column":39},"end":{"line":11,"column":66}},"line":11}},"branchMap":{},"s":{"0":1,"1":0,"2":0,"3":0,"4":0},"f":{"0":0,"1":0,"2":0},"b":{},"_coverageSchema":"1a1c01bbd47fc00a2c39e90264f33305004495a9","hash":"a62912e6a741d79e006ea326768714551ce6376d"}
,"/Users/joelpatrickdurham/alchemy/career-track/commit-kitty/Commit-Kitty-FE/src/components/adminDataView/Dev.js": {"path":"/Users/joelpatrickdurham/alchemy/career-track/commit-kitty/Commit-Kitty-FE/src/components/adminDataView/Dev.js","statementMap":{"0":{"start":{"line":4,"column":19},"end":{"line":15,"column":1}},"1":{"start":{"line":6,"column":2},"end":{"line":14,"column":4}},"2":{"start":{"line":17,"column":0},"end":{"line":23,"column":2}}},"fnMap":{"0":{"name":"(anonymous_0)","decl":{"start":{"line":4,"column":19},"end":{"line":4,"column":20}},"loc":{"start":{"line":4,"column":86},"end":{"line":15,"column":1}},"line":4}},"branchMap":{},"s":{"0":1,"1":0,"2":1},"f":{"0":0},"b":{},"_coverageSchema":"1a1c01bbd47fc00a2c39e90264f33305004495a9","hash":"31d209a8d079406e0eb2274d132a082968bc543c"}
,"/Users/joelpatrickdurham/alchemy/career-track/commit-kitty/Commit-Kitty-FE/src/components/adminDataView/DevList.js": {"path":"/Users/joelpatrickdurham/alchemy/career-track/commit-kitty/Commit-Kitty-FE/src/components/adminDataView/DevList.js","statementMap":{"0":{"start":{"line":4,"column":23},"end":{"line":34,"column":1}},"1":{"start":{"line":6,"column":16},"end":{"line":21,"column":3}},"2":{"start":{"line":23,"column":28},"end":{"line":27,"column":4}},"3":{"start":{"line":24,"column":4},"end":{"line":26,"column":9}},"4":{"start":{"line":29,"column":2},"end":{"line":33,"column":4}}},"fnMap":{"0":{"name":"(anonymous_0)","decl":{"start":{"line":4,"column":23},"end":{"line":4,"column":24}},"loc":{"start":{"line":4,"column":29},"end":{"line":34,"column":1}},"line":4},"1":{"name":"(anonymous_1)","decl":{"start":{"line":23,"column":38},"end":{"line":23,"column":39}},"loc":{"start":{"line":24,"column":4},"end":{"line":26,"column":9}},"line":24}},"branchMap":{},"s":{"0":1,"1":0,"2":0,"3":0,"4":0},"f":{"0":0,"1":0},"b":{},"_coverageSchema":"1a1c01bbd47fc00a2c39e90264f33305004495a9","hash":"3ce9ce396c647535b2e99619b886c5b9d3d88976"}
,"/Users/joelpatrickdurham/alchemy/career-track/commit-kitty/Commit-Kitty-FE/src/components/adminDataView/Group.js": {"path":"/Users/joelpatrickdurham/alchemy/career-track/commit-kitty/Commit-Kitty-FE/src/components/adminDataView/Group.js","statementMap":{"0":{"start":{"line":5,"column":21},"end":{"line":12,"column":1}},"1":{"start":{"line":6,"column":2},"end":{"line":11,"column":4}},"2":{"start":{"line":14,"column":0},"end":{"line":17,"column":2}}},"fnMap":{"0":{"name":"(anonymous_0)","decl":{"start":{"line":5,"column":21},"end":{"line":5,"column":22}},"loc":{"start":{"line":5,"column":58},"end":{"line":12,"column":1}},"line":5}},"branchMap":{},"s":{"0":1,"1":0,"2":1},"f":{"0":0},"b":{},"_coverageSchema":"1a1c01bbd47fc00a2c39e90264f33305004495a9","hash":"95fdb5bec90b66de40af5e77b4fbdfca65ffebd0"}
,"/Users/joelpatrickdurham/alchemy/career-track/commit-kitty/Commit-Kitty-FE/src/components/adminDataView/GroupList.js": {"path":"/Users/joelpatrickdurham/alchemy/career-track/commit-kitty/Commit-Kitty-FE/src/components/adminDataView/GroupList.js","statementMap":{"0":{"start":{"line":7,"column":25},"end":{"line":29,"column":1}},"1":{"start":{"line":8,"column":15},"end":{"line":8,"column":44}},"2":{"start":{"line":9,"column":38},"end":{"line":9,"column":50}},"3":{"start":{"line":10,"column":2},"end":{"line":10,"column":20}},"4":{"start":{"line":12,"column":2},"end":{"line":15,"column":9}},"5":{"start":{"line":13,"column":4},"end":{"line":14,"column":27}},"6":{"start":{"line":17,"column":30},"end":{"line":21,"column":4}},"7":{"start":{"line":18,"column":4},"end":{"line":20,"column":9}},"8":{"start":{"line":23,"column":2},"end":{"line":27,"column":4}}},"fnMap":{"0":{"name":"(anonymous_0)","decl":{"start":{"line":7,"column":25},"end":{"line":7,"column":26}},"loc":{"start":{"line":7,"column":31},"end":{"line":29,"column":1}},"line":7},"1":{"name":"(anonymous_1)","decl":{"start":{"line":12,"column":12},"end":{"line":12,"column":13}},"loc":{"start":{"line":12,"column":18},"end":{"line":15,"column":3}},"line":12},"2":{"name":"(anonymous_2)","decl":{"start":{"line":17,"column":45},"end":{"line":17,"column":46}},"loc":{"start":{"line":18,"column":4},"end":{"line":20,"column":9}},"line":18}},"branchMap":{},"s":{"0":1,"1":0,"2":0,"3":0,"4":0,"5":0,"6":0,"7":0,"8":0},"f":{"0":0,"1":0,"2":0},"b":{},"_coverageSchema":"1a1c01bbd47fc00a2c39e90264f33305004495a9","hash":"64addd2b8897f4ca20eb4c806cc55779d1e2410e"}
,"/Users/joelpatrickdurham/alchemy/career-track/commit-kitty/Commit-Kitty-FE/src/components/auth/AuthPage.js": {"path":"/Users/joelpatrickdurham/alchemy/career-track/commit-kitty/Commit-Kitty-FE/src/components/auth/AuthPage.js","statementMap":{"0":{"start":{"line":6,"column":24},"end":{"line":15,"column":1}},"1":{"start":{"line":8,"column":2},"end":{"line":13,"column":4}}},"fnMap":{"0":{"name":"(anonymous_0)","decl":{"start":{"line":6,"column":24},"end":{"line":6,"column":25}},"loc":{"start":{"line":6,"column":30},"end":{"line":15,"column":1}},"line":6}},"branchMap":{},"s":{"0":1,"1":0},"f":{"0":0},"b":{},"_coverageSchema":"1a1c01bbd47fc00a2c39e90264f33305004495a9","hash":"cc1f0ba53ee82376371b423ab0f32a6dc4e6a345"}
,"/Users/joelpatrickdurham/alchemy/career-track/commit-kitty/Commit-Kitty-FE/src/components/auth/Login.js": {"path":"/Users/joelpatrickdurham/alchemy/career-track/commit-kitty/Commit-Kitty-FE/src/components/auth/Login.js","statementMap":{"0":{"start":{"line":4,"column":21},"end":{"line":16,"column":1}},"1":{"start":{"line":6,"column":67},"end":{"line":6,"column":87}},"2":{"start":{"line":8,"column":2},"end":{"line":14,"column":4}},"3":{"start":{"line":10,"column":72},"end":{"line":10,"column":94}},"4":{"start":{"line":11,"column":79},"end":{"line":11,"column":104}}},"fnMap":{"0":{"name":"(anonymous_0)","decl":{"start":{"line":4,"column":21},"end":{"line":4,"column":22}},"loc":{"start":{"line":4,"column":27},"end":{"line":16,"column":1}},"line":4},"1":{"name":"(anonymous_1)","decl":{"start":{"line":10,"column":56},"end":{"line":10,"column":57}},"loc":{"start":{"line":10,"column":72},"end":{"line":10,"column":94}},"line":10},"2":{"name":"(anonymous_2)","decl":{"start":{"line":11,"column":63},"end":{"line":11,"column":64}},"loc":{"start":{"line":11,"column":79},"end":{"line":11,"column":104}},"line":11}},"branchMap":{},"s":{"0":1,"1":0,"2":0,"3":0,"4":0},"f":{"0":0,"1":0,"2":0},"b":{},"_coverageSchema":"1a1c01bbd47fc00a2c39e90264f33305004495a9","hash":"4c4c6f9a30846e536096a7be174df6e8896a9d3d"}
,"/Users/joelpatrickdurham/alchemy/career-track/commit-kitty/Commit-Kitty-FE/src/components/auth/Signup.js": {"path":"/Users/joelpatrickdurham/alchemy/career-track/commit-kitty/Commit-Kitty-FE/src/components/auth/Signup.js","statementMap":{"0":{"start":{"line":4,"column":22},"end":{"line":17,"column":1}},"1":{"start":{"line":6,"column":90},"end":{"line":6,"column":111}},"2":{"start":{"line":8,"column":2},"end":{"line":15,"column":4}},"3":{"start":{"line":10,"column":75},"end":{"line":10,"column":100}},"4":{"start":{"line":11,"column":72},"end":{"line":11,"column":94}},"5":{"start":{"line":12,"column":79},"end":{"line":12,"column":104}}},"fnMap":{"0":{"name":"(anonymous_0)","decl":{"start":{"line":4,"column":22},"end":{"line":4,"column":23}},"loc":{"start":{"line":4,"column":28},"end":{"line":17,"column":1}},"line":4},"1":{"name":"(anonymous_1)","decl":{"start":{"line":10,"column":59},"end":{"line":10,"column":60}},"loc":{"start":{"line":10,"column":75},"end":{"line":10,"column":100}},"line":10},"2":{"name":"(anonymous_2)","decl":{"start":{"line":11,"column":56},"end":{"line":11,"column":57}},"loc":{"start":{"line":11,"column":72},"end":{"line":11,"column":94}},"line":11},"3":{"name":"(anonymous_3)","decl":{"start":{"line":12,"column":63},"end":{"line":12,"column":64}},"loc":{"start":{"line":12,"column":79},"end":{"line":12,"column":104}},"line":12}},"branchMap":{},"s":{"0":1,"1":0,"2":0,"3":0,"4":0,"5":0},"f":{"0":0,"1":0,"2":0,"3":0},"b":{},"_coverageSchema":"1a1c01bbd47fc00a2c39e90264f33305004495a9","hash":"36fc2401d8b9a1931f2ef1084f0214822ad5461d"}
,"/Users/joelpatrickdurham/alchemy/career-track/commit-kitty/Commit-Kitty-FE/src/hooks/useAuthForm.js": {"path":"/Users/joelpatrickdurham/alchemy/career-track/commit-kitty/Commit-Kitty-FE/src/hooks/useAuthForm.js","statementMap":{"0":{"start":{"line":6,"column":27},"end":{"line":28,"column":1}},"1":{"start":{"line":7,"column":28},"end":{"line":7,"column":40}},"2":{"start":{"line":8,"column":34},"end":{"line":8,"column":46}},"3":{"start":{"line":9,"column":34},"end":{"line":9,"column":46}},"4":{"start":{"line":11,"column":19},"end":{"line":11,"column":32}},"5":{"start":{"line":13,"column":23},"end":{"line":25,"column":3}},"6":{"start":{"line":14,"column":4},"end":{"line":14,"column":27}},"7":{"start":{"line":15,"column":25},"end":{"line":15,"column":75}},"8":{"start":{"line":17,"column":4},"end":{"line":24,"column":9}},"9":{"start":{"line":19,"column":8},"end":{"line":23,"column":9}},"10":{"start":{"line":20,"column":10},"end":{"line":20,"column":53}},"11":{"start":{"line":22,"column":10},"end":{"line":22,"column":124}},"12":{"start":{"line":27,"column":2},"end":{"line":27,"column":89}}},"fnMap":{"0":{"name":"(anonymous_0)","decl":{"start":{"line":6,"column":27},"end":{"line":6,"column":28}},"loc":{"start":{"line":6,"column":37},"end":{"line":28,"column":1}},"line":6},"1":{"name":"(anonymous_1)","decl":{"start":{"line":13,"column":23},"end":{"line":13,"column":24}},"loc":{"start":{"line":13,"column":32},"end":{"line":25,"column":3}},"line":13},"2":{"name":"(anonymous_2)","decl":{"start":{"line":18,"column":12},"end":{"line":18,"column":13}},"loc":{"start":{"line":18,"column":19},"end":{"line":24,"column":7}},"line":18}},"branchMap":{"0":{"loc":{"start":{"line":15,"column":25},"end":{"line":15,"column":75}},"type":"cond-expr","locations":[{"start":{"line":15,"column":47},"end":{"line":15,"column":60}},{"start":{"line":15,"column":63},"end":{"line":15,"column":75}}],"line":15},"1":{"loc":{"start":{"line":19,"column":8},"end":{"line":23,"column":9}},"type":"if","locations":[{"start":{"line":19,"column":8},"end":{"line":23,"column":9}},{"start":{"line":19,"column":8},"end":{"line":23,"column":9}}],"line":19}},"s":{"0":1,"1":0,"2":0,"3":0,"4":0,"5":0,"6":0,"7":0,"8":0,"9":0,"10":0,"11":0,"12":0},"f":{"0":0,"1":0,"2":0},"b":{"0":[0,0],"1":[0,0]},"_coverageSchema":"1a1c01bbd47fc00a2c39e90264f33305004495a9","hash":"8faf1473ae2c2d3eb937c2e63d79a2b8d1423206"}
,"/Users/joelpatrickdurham/alchemy/career-track/commit-kitty/Commit-Kitty-FE/src/hooks/useVerifyUser.js": {"path":"/Users/joelpatrickdurham/alchemy/career-track/commit-kitty/Commit-Kitty-FE/src/hooks/useVerifyUser.js","statementMap":{"0":{"start":{"line":6,"column":29},"end":{"line":12,"column":1}},"1":{"start":{"line":7,"column":19},"end":{"line":7,"column":32}},"2":{"start":{"line":9,"column":2},"end":{"line":11,"column":9}},"3":{"start":{"line":10,"column":4},"end":{"line":10,"column":54}}},"fnMap":{"0":{"name":"(anonymous_0)","decl":{"start":{"line":6,"column":29},"end":{"line":6,"column":30}},"loc":{"start":{"line":6,"column":35},"end":{"line":12,"column":1}},"line":6},"1":{"name":"(anonymous_1)","decl":{"start":{"line":9,"column":12},"end":{"line":9,"column":13}},"loc":{"start":{"line":9,"column":18},"end":{"line":11,"column":3}},"line":9}},"branchMap":{},"s":{"0":1,"1":0,"2":0,"3":0},"f":{"0":0,"1":0},"b":{},"_coverageSchema":"1a1c01bbd47fc00a2c39e90264f33305004495a9","hash":"ccce6e9fdd159ad64fe80407500d44d8306af61e"}
,"/Users/joelpatrickdurham/alchemy/career-track/commit-kitty/Commit-Kitty-FE/src/reducers/authReducer.js": {"path":"/Users/joelpatrickdurham/alchemy/career-track/commit-kitty/Commit-Kitty-FE/src/reducers/authReducer.js","statementMap":{"0":{"start":{"line":3,"column":21},"end":{"line":3,"column":48}},"1":{"start":{"line":5,"column":27},"end":{"line":15,"column":1}},"2":{"start":{"line":6,"column":2},"end":{"line":14,"column":3}},"3":{"start":{"line":8,"column":6},"end":{"line":8,"column":48}},"4":{"start":{"line":10,"column":6},"end":{"line":10,"column":49}},"5":{"start":{"line":12,"column":6},"end":{"line":12,"column":19}}},"fnMap":{"0":{"name":"(anonymous_0)","decl":{"start":{"line":5,"column":27},"end":{"line":5,"column":28}},"loc":{"start":{"line":5,"column":61},"end":{"line":15,"column":1}},"line":5}},"branchMap":{"0":{"loc":{"start":{"line":5,"column":28},"end":{"line":5,"column":48}},"type":"default-arg","locations":[{"start":{"line":5,"column":36},"end":{"line":5,"column":48}}],"line":5},"1":{"loc":{"start":{"line":6,"column":2},"end":{"line":14,"column":3}},"type":"switch","locations":[{"start":{"line":7,"column":4},"end":{"line":8,"column":48}},{"start":{"line":9,"column":4},"end":{"line":10,"column":49}},{"start":{"line":11,"column":4},"end":{"line":12,"column":19}}],"line":6}},"s":{"0":2,"1":2,"2":6,"3":1,"4":1,"5":4},"f":{"0":6},"b":{"0":[4],"1":[1,1,4]},"_coverageSchema":"1a1c01bbd47fc00a2c39e90264f33305004495a9","hash":"347e3d5e71ae0fa35b0d02fc17afc5dc1c43c84f"}
,"/Users/joelpatrickdurham/alchemy/career-track/commit-kitty/Commit-Kitty-FE/src/reducers/index.js": {"path":"/Users/joelpatrickdurham/alchemy/career-track/commit-kitty/Commit-Kitty-FE/src/reducers/index.js","statementMap":{},"fnMap":{},"branchMap":{},"s":{},"f":{},"b":{},"_coverageSchema":"1a1c01bbd47fc00a2c39e90264f33305004495a9","hash":"165ba7ae95ffa3e05ae01b50551c1c08e767dc1a"}
,"/Users/joelpatrickdurham/alchemy/career-track/commit-kitty/Commit-Kitty-FE/src/reducers/loadingReducer.js": {"path":"/Users/joelpatrickdurham/alchemy/career-track/commit-kitty/Commit-Kitty-FE/src/reducers/loadingReducer.js","statementMap":{"0":{"start":{"line":3,"column":21},"end":{"line":5,"column":1}},"1":{"start":{"line":7,"column":30},"end":{"line":16,"column":1}},"2":{"start":{"line":8,"column":2},"end":{"line":15,"column":3}},"3":{"start":{"line":10,"column":6},"end":{"line":10,"column":41}},"4":{"start":{"line":12,"column":6},"end":{"line":12,"column":42}},"5":{"start":{"line":14,"column":6},"end":{"line":14,"column":19}}},"fnMap":{"0":{"name":"(anonymous_0)","decl":{"start":{"line":7,"column":30},"end":{"line":7,"column":31}},"loc":{"start":{"line":7,"column":64},"end":{"line":16,"column":1}},"line":7}},"branchMap":{"0":{"loc":{"start":{"line":7,"column":31},"end":{"line":7,"column":51}},"type":"default-arg","locations":[{"start":{"line":7,"column":39},"end":{"line":7,"column":51}}],"line":7},"1":{"loc":{"start":{"line":8,"column":2},"end":{"line":15,"column":3}},"type":"switch","locations":[{"start":{"line":9,"column":4},"end":{"line":10,"column":41}},{"start":{"line":11,"column":4},"end":{"line":12,"column":42}},{"start":{"line":13,"column":4},"end":{"line":14,"column":19}}],"line":8}},"s":{"0":2,"1":2,"2":6,"3":1,"4":1,"5":4},"f":{"0":6},"b":{"0":[4],"1":[1,1,4]},"_coverageSchema":"1a1c01bbd47fc00a2c39e90264f33305004495a9","hash":"f10bc3b659de6f6b76b8fe87bd84db02f89921b9"}
,"/Users/joelpatrickdurham/alchemy/career-track/commit-kitty/Commit-Kitty-FE/src/selectors/useSelectors.js": {"path":"/Users/joelpatrickdurham/alchemy/career-track/commit-kitty/Commit-Kitty-FE/src/selectors/useSelectors.js","statementMap":{"0":{"start":{"line":1,"column":28},"end":{"line":1,"column":65}},"1":{"start":{"line":1,"column":37},"end":{"line":1,"column":65}},"2":{"start":{"line":2,"column":32},"end":{"line":2,"column":63}},"3":{"start":{"line":2,"column":41},"end":{"line":2,"column":63}}},"fnMap":{"0":{"name":"(anonymous_0)","decl":{"start":{"line":1,"column":28},"end":{"line":1,"column":29}},"loc":{"start":{"line":1,"column":37},"end":{"line":1,"column":65}},"line":1},"1":{"name":"(anonymous_1)","decl":{"start":{"line":2,"column":32},"end":{"line":2,"column":33}},"loc":{"start":{"line":2,"column":41},"end":{"line":2,"column":63}},"line":2}},"branchMap":{},"s":{"0":2,"1":1,"2":2,"3":1},"f":{"0":1,"1":1},"b":{},"_coverageSchema":"1a1c01bbd47fc00a2c39e90264f33305004495a9","hash":"24154816ba06ec9c6f3f5fbf896be9c3252406b3"}
,"/Users/joelpatrickdurham/alchemy/career-track/commit-kitty/Commit-Kitty-FE/src/services/adminDataViewServices.js": {"path":"/Users/joelpatrickdurham/alchemy/career-track/commit-kitty/Commit-Kitty-FE/src/services/adminDataViewServices.js","statementMap":{"0":{"start":{"line":1,"column":25},"end":{"line":18,"column":1}},"1":{"start":{"line":2,"column":2},"end":{"line":2,"column":80}}},"fnMap":{"0":{"name":"(anonymous_0)","decl":{"start":{"line":1,"column":25},"end":{"line":1,"column":26}},"loc":{"start":{"line":1,"column":38},"end":{"line":18,"column":1}},"line":1}},"branchMap":{},"s":{"0":1,"1":0},"f":{"0":0},"b":{},"_coverageSchema":"1a1c01bbd47fc00a2c39e90264f33305004495a9","hash":"631e793e3853046d69d3fa8763c13cb479876121"}
,"/Users/joelpatrickdurham/alchemy/career-track/commit-kitty/Commit-Kitty-FE/src/services/authServices.js": {"path":"/Users/joelpatrickdurham/alchemy/career-track/commit-kitty/Commit-Kitty-FE/src/services/authServices.js","statementMap":{"0":{"start":{"line":1,"column":16},"end":{"line":16,"column":1}},"1":{"start":{"line":2,"column":2},"end":{"line":15,"column":7}},"2":{"start":{"line":10,"column":17},"end":{"line":10,"column":50}},"3":{"start":{"line":12,"column":6},"end":{"line":12,"column":25}},"4":{"start":{"line":12,"column":14},"end":{"line":12,"column":25}},"5":{"start":{"line":14,"column":6},"end":{"line":14,"column":18}},"6":{"start":{"line":19,"column":29},"end":{"line":21,"column":1}},"7":{"start":{"line":20,"column":2},"end":{"line":20,"column":68}},"8":{"start":{"line":23,"column":28},"end":{"line":23,"column":79}},"9":{"start":{"line":23,"column":36},"end":{"line":23,"column":79}},"10":{"start":{"line":25,"column":29},"end":{"line":25,"column":72}},"11":{"start":{"line":25,"column":35},"end":{"line":25,"column":72}}},"fnMap":{"0":{"name":"(anonymous_0)","decl":{"start":{"line":1,"column":16},"end":{"line":1,"column":17}},"loc":{"start":{"line":1,"column":40},"end":{"line":16,"column":1}},"line":1},"1":{"name":"(anonymous_1)","decl":{"start":{"line":10,"column":10},"end":{"line":10,"column":11}},"loc":{"start":{"line":10,"column":17},"end":{"line":10,"column":50}},"line":10},"2":{"name":"(anonymous_2)","decl":{"start":{"line":11,"column":10},"end":{"line":11,"column":11}},"loc":{"start":{"line":11,"column":26},"end":{"line":15,"column":5}},"line":11},"3":{"name":"(anonymous_3)","decl":{"start":{"line":19,"column":29},"end":{"line":19,"column":30}},"loc":{"start":{"line":20,"column":2},"end":{"line":20,"column":68}},"line":20},"4":{"name":"(anonymous_4)","decl":{"start":{"line":23,"column":28},"end":{"line":23,"column":29}},"loc":{"start":{"line":23,"column":36},"end":{"line":23,"column":79}},"line":23},"5":{"name":"(anonymous_5)","decl":{"start":{"line":25,"column":29},"end":{"line":25,"column":30}},"loc":{"start":{"line":25,"column":35},"end":{"line":25,"column":72}},"line":25}},"branchMap":{"0":{"loc":{"start":{"line":8,"column":10},"end":{"line":8,"column":38}},"type":"binary-expr","locations":[{"start":{"line":8,"column":10},"end":{"line":8,"column":14}},{"start":{"line":8,"column":18},"end":{"line":8,"column":38}}],"line":8},"1":{"loc":{"start":{"line":12,"column":6},"end":{"line":12,"column":25}},"type":"if","locations":[{"start":{"line":12,"column":6},"end":{"line":12,"column":25}},{"start":{"line":12,"column":6},"end":{"line":12,"column":25}}],"line":12}},"s":{"0":1,"1":0,"2":0,"3":0,"4":0,"5":0,"6":1,"7":0,"8":1,"9":0,"10":1,"11":0},"f":{"0":0,"1":0,"2":0,"3":0,"4":0,"5":0},"b":{"0":[0,0],"1":[0,0]},"_coverageSchema":"1a1c01bbd47fc00a2c39e90264f33305004495a9","hash":"479636ca148ab01e9191f66c372e37ca0e373b59"}
}
