{"/Users/Tess/alchemy/career-track/final-project/Commit-Kitty-FE/src/selectors/useSelectors.js": {"path":"/Users/Tess/alchemy/career-track/final-project/Commit-Kitty-FE/src/selectors/useSelectors.js","statementMap":{"0":{"start":{"line":1,"column":28},"end":{"line":1,"column":65}},"1":{"start":{"line":1,"column":37},"end":{"line":1,"column":65}},"2":{"start":{"line":2,"column":32},"end":{"line":2,"column":63}},"3":{"start":{"line":2,"column":41},"end":{"line":2,"column":63}},"4":{"start":{"line":4,"column":37},"end":{"line":4,"column":78}},"5":{"start":{"line":4,"column":46},"end":{"line":4,"column":78}},"6":{"start":{"line":5,"column":31},"end":{"line":5,"column":71}},"7":{"start":{"line":5,"column":40},"end":{"line":5,"column":71}}},"fnMap":{"0":{"name":"(anonymous_0)","decl":{"start":{"line":1,"column":28},"end":{"line":1,"column":29}},"loc":{"start":{"line":1,"column":37},"end":{"line":1,"column":65}},"line":1},"1":{"name":"(anonymous_1)","decl":{"start":{"line":2,"column":32},"end":{"line":2,"column":33}},"loc":{"start":{"line":2,"column":41},"end":{"line":2,"column":63}},"line":2},"2":{"name":"(anonymous_2)","decl":{"start":{"line":4,"column":37},"end":{"line":4,"column":38}},"loc":{"start":{"line":4,"column":46},"end":{"line":4,"column":78}},"line":4},"3":{"name":"(anonymous_3)","decl":{"start":{"line":5,"column":31},"end":{"line":5,"column":32}},"loc":{"start":{"line":5,"column":40},"end":{"line":5,"column":71}},"line":5}},"branchMap":{},"s":{"0":1,"1":1,"2":1,"3":1,"4":1,"5":1,"6":1,"7":1},"f":{"0":1,"1":1,"2":1,"3":1},"b":{},"_coverageSchema":"1a1c01bbd47fc00a2c39e90264f33305004495a9","hash":"d0b0c6e5f63192424be3d938c6e96349bf41b05e"}
}
